<?xml version="1.0" encoding="UTF-8"?>
<!-- Generated by org.testng.reporters.JUnitReportReporter -->
<testsuite skipped="0" hostname="RESIDENCE" name="TestRunner.Login_runner" tests="4" failures="0" timestamp="25 Jun 2019 15:37:31 GMT" time="524.801" errors="0">
  <testcase name="feature" time="98.044" classname="TestRunner.Login_runner"/>
  <testcase name="feature" time="160.094" classname="TestRunner.Login_runner"/>
  <testcase name="feature" time="105.187" classname="TestRunner.Login_runner"/>
  <testcase name="feature" time="161.476" classname="TestRunner.Login_runner"/>
</testsuite> <!-- TestRunner.Login_runner -->
