<?xml version="1.0" encoding="UTF-8"?>
<!-- Generated by org.testng.reporters.JUnitReportReporter -->
<testsuite skipped="0" hostname="RESIDENCE" name="TestRunner.Runner" tests="2" failures="0" timestamp="26 Jun 2019 05:11:35 GMT" time="29.300" errors="0">
  <testcase name="feature" time="17.094" classname="TestRunner.Runner"/>
  <testcase name="feature" time="12.206" classname="TestRunner.Runner"/>
</testsuite> <!-- TestRunner.Runner -->
